  Enemy.cpp
D:\Git版本管理\C-Game\东方红魔乡\东方红魔乡\Variate.h(33,2): warning C4091: “extern ”: 没有声明变量时忽略“player”的左侧
D:\Git版本管理\C-Game\东方红魔乡\东方红魔乡\Variate.h(41,2): warning C4091: “extern ”: 没有声明变量时忽略“bullet”的左侧
D:\Git版本管理\C-Game\东方红魔乡\东方红魔乡\Variate.h(50,2): warning C4091: “extern ”: 没有声明变量时忽略“enemy”的左侧
D:\Git版本管理\C-Game\东方红魔乡\东方红魔乡\Enemy.cpp(30,24): warning C4244: “-=”: 从“double”转换到“int”，可能丢失数据
D:\Git版本管理\C-Game\东方红魔乡\东方红魔乡\Enemy.cpp(31,24): warning C4244: “+=”: 从“double”转换到“int”，可能丢失数据
D:\Git版本管理\C-Game\东方红魔乡\东方红魔乡\Enemy.cpp(34,24): warning C4244: “+=”: 从“double”转换到“int”，可能丢失数据
D:\Git版本管理\C-Game\东方红魔乡\东方红魔乡\Enemy.cpp(35,24): warning C4244: “+=”: 从“double”转换到“int”，可能丢失数据
  Image.cpp
D:\Git版本管理\C-Game\东方红魔乡\东方红魔乡\Variate.h(33,2): warning C4091: “extern ”: 没有声明变量时忽略“player”的左侧
D:\Git版本管理\C-Game\东方红魔乡\东方红魔乡\Variate.h(41,2): warning C4091: “extern ”: 没有声明变量时忽略“bullet”的左侧
D:\Git版本管理\C-Game\东方红魔乡\东方红魔乡\Variate.h(50,2): warning C4091: “extern ”: 没有声明变量时忽略“enemy”的左侧
  main.cpp
D:\Git版本管理\C-Game\东方红魔乡\东方红魔乡\Variate.h(33,2): warning C4091: “extern ”: 没有声明变量时忽略“player”的左侧
D:\Git版本管理\C-Game\东方红魔乡\东方红魔乡\Variate.h(41,2): warning C4091: “extern ”: 没有声明变量时忽略“bullet”的左侧
D:\Git版本管理\C-Game\东方红魔乡\东方红魔乡\Variate.h(50,2): warning C4091: “extern ”: 没有声明变量时忽略“enemy”的左侧
  Player.cpp
D:\Git版本管理\C-Game\东方红魔乡\东方红魔乡\Variate.h(33,2): warning C4091: “extern ”: 没有声明变量时忽略“player”的左侧
D:\Git版本管理\C-Game\东方红魔乡\东方红魔乡\Variate.h(41,2): warning C4091: “extern ”: 没有声明变量时忽略“bullet”的左侧
D:\Git版本管理\C-Game\东方红魔乡\东方红魔乡\Variate.h(50,2): warning C4091: “extern ”: 没有声明变量时忽略“enemy”的左侧
  Game.cpp
D:\Git版本管理\C-Game\东方红魔乡\东方红魔乡\Variate.h(33,2): warning C4091: “extern ”: 没有声明变量时忽略“player”的左侧
D:\Git版本管理\C-Game\东方红魔乡\东方红魔乡\Variate.h(41,2): warning C4091: “extern ”: 没有声明变量时忽略“bullet”的左侧
D:\Git版本管理\C-Game\东方红魔乡\东方红魔乡\Variate.h(50,2): warning C4091: “extern ”: 没有声明变量时忽略“enemy”的左侧
  Variate.cpp
  正在生成代码
  Previous IPDB not found, fall back to full compilation.
  All 39 functions were compiled because no usable IPDB/IOBJ from previous compilation was found.
  已完成代码的生成
  东方红魔乡.vcxproj -> D:\Git版本管理\C-Game\东方红魔乡\x64\Release\东方红魔乡.exe
